<?xml version="1.0" encoding="UTF-8"?>
<!-- Generated by org.testng.reporters.JUnitReportReporter -->
<testsuite skipped="0" hostname="LTIN121822" name="SmokeTest.SmokeTestNG" tests="1" failures="0" timestamp="10 Apr 2020 17:51:01 GMT" time="4.444" errors="0">
  <testcase name="smokeTestLogin" time="4.444" classname="SmokeTest.SmokeTestNG"/>
</testsuite> <!-- SmokeTest.SmokeTestNG -->
