<?xml version="1.0" encoding="UTF-8"?>
<!-- Generated by org.testng.reporters.JUnitReportReporter -->
<testsuite skipped="0" hostname="LTIN121822" name="SmokeTest.PageTitleJunit" tests="1" failures="0" timestamp="10 Apr 2020 13:21:13 GMT" time="7.279" errors="0">
  <testcase name="PageTitleTest" time="7.279" classname="SmokeTest.PageTitleJunit"/>
</testsuite> <!-- SmokeTest.PageTitleJunit -->
