<?xml version="1.0" encoding="UTF-8"?>
<!-- Generated by org.testng.reporters.JUnitReportReporter -->
<testsuite skipped="0" hostname="LTIN121822" name="SmokeTest.SampleWebTest" tests="1" failures="0" timestamp="10 Apr 2020 17:51:01 GMT" time="1.603" errors="0">
  <testcase name="sampleTest1" time="1.603" classname="SmokeTest.SampleWebTest"/>
</testsuite> <!-- SmokeTest.SampleWebTest -->
